<?xml version="1.0" encoding="UTF-8"?>
<!-- Generated by org.testng.reporters.JUnitXMLReporter -->
<testsuite ignored="0" hostname="DCRI-PF1E2C1F" failures="1" tests="1" name="Surefire test" time="23.342" errors="0" timestamp="01 Sep 2023 18:32:27 GMT">
  <testcase classname="Colectv_Login.Login_Page" name="Colectiv_MFA_Login" time="23.19">
    <failure type="com.twilio.exception.ApiException" message="Authenticate">
      <![CDATA[com.twilio.exception.ApiException: Authenticate
at com.twilio.rest.api.v2010.account.MessageReader.pageForRequest(MessageReader.java:112)
at com.twilio.rest.api.v2010.account.MessageReader.firstPage(MessageReader.java:99)
at com.twilio.rest.api.v2010.account.MessageReader.read(MessageReader.java:84)
at com.twilio.base.Reader.read(Reader.java:24)
at Colectv_Login.Login_Page.getMessages(Login_Page.java:110)
at Colectv_Login.Login_Page.getMessage(Login_Page.java:102)
at Colectv_Login.Login_Page.Colectiv_MFA_Login(Login_Page.java:89)
... Removed 30 stack frames]]>
    </failure>
  </testcase> <!-- Colectiv_MFA_Login -->
</testsuite> <!-- Surefire test -->
