<?xml version="1.0" encoding="UTF-8"?>
<testng-results ignored="0" total="1" passed="0" failed="1" skipped="0">
  <reporter-output>
  </reporter-output>
  <suite started-at="2023-09-01T18:32:04Z" name="Surefire suite" finished-at="2023-09-01T18:32:27Z" duration-ms="23342">
    <groups>
    </groups>
    <test started-at="2023-09-01T18:32:04Z" name="Surefire test" finished-at="2023-09-01T18:32:27Z" duration-ms="23342">
      <class name="Colectv_Login.Login_Page">
        <test-method signature="Colectiv_MFA_Login()[pri:0, instance:Colectv_Login.Login_Page@a1a1a6fa]" started-at="2023-09-01T18:32:04Z" name="Colectiv_MFA_Login" finished-at="2023-09-01T18:32:27Z" duration-ms="23190" status="FAIL">
          <exception class="com.twilio.exception.ApiException">
            <message>
              <![CDATA[Authenticate]]>
            </message>
            <full-stacktrace>
              <![CDATA[com.twilio.exception.ApiException: Authenticate
at com.twilio.rest.api.v2010.account.MessageReader.pageForRequest(MessageReader.java:112)
at com.twilio.rest.api.v2010.account.MessageReader.firstPage(MessageReader.java:99)
at com.twilio.rest.api.v2010.account.MessageReader.read(MessageReader.java:84)
at com.twilio.base.Reader.read(Reader.java:24)
at Colectv_Login.Login_Page.getMessages(Login_Page.java:110)
at Colectv_Login.Login_Page.getMessage(Login_Page.java:102)
at Colectv_Login.Login_Page.Colectiv_MFA_Login(Login_Page.java:89)
at java.base/jdk.internal.reflect.NativeMethodAccessorImpl.invoke0(Native Method)
at java.base/jdk.internal.reflect.NativeMethodAccessorImpl.invoke(NativeMethodAccessorImpl.java:62)
at java.base/jdk.internal.reflect.DelegatingMethodAccessorImpl.invoke(DelegatingMethodAccessorImpl.java:43)
at java.base/java.lang.reflect.Method.invoke(Method.java:566)
at org.testng.internal.MethodInvocationHelper.invokeMethod(MethodInvocationHelper.java:124)
at org.testng.internal.Invoker.invokeMethod(Invoker.java:583)
at org.testng.internal.Invoker.invokeTestMethod(Invoker.java:719)
at org.testng.internal.Invoker.invokeTestMethods(Invoker.java:989)
at org.testng.internal.TestMethodWorker.invokeTestMethods(TestMethodWorker.java:125)
at org.testng.internal.TestMethodWorker.run(TestMethodWorker.java:109)
at org.testng.TestRunner.privateRun(TestRunner.java:648)
at org.testng.TestRunner.run(TestRunner.java:505)
at org.testng.SuiteRunner.runTest(SuiteRunner.java:455)
at org.testng.SuiteRunner.runSequentially(SuiteRunner.java:450)
at org.testng.SuiteRunner.privateRun(SuiteRunner.java:415)
at org.testng.SuiteRunner.run(SuiteRunner.java:364)
at org.testng.SuiteRunnerWorker.runSuite(SuiteRunnerWorker.java:52)
at org.testng.SuiteRunnerWorker.run(SuiteRunnerWorker.java:84)
at org.testng.TestNG.runSuitesSequentially(TestNG.java:1208)
at org.testng.TestNG.runSuitesLocally(TestNG.java:1137)
at org.testng.TestNG.runSuites(TestNG.java:1049)
at org.testng.TestNG.run(TestNG.java:1017)
at org.apache.maven.surefire.testng.TestNGExecutor.run(TestNGExecutor.java:155)
at org.apache.maven.surefire.testng.TestNGDirectoryTestSuite.executeSingleClass(TestNGDirectoryTestSuite.java:102)
at org.apache.maven.surefire.testng.TestNGDirectoryTestSuite.execute(TestNGDirectoryTestSuite.java:91)
at org.apache.maven.surefire.testng.TestNGProvider.invoke(TestNGProvider.java:137)
at org.apache.maven.surefire.booter.ForkedBooter.runSuitesInProcess(ForkedBooter.java:385)
at org.apache.maven.surefire.booter.ForkedBooter.execute(ForkedBooter.java:162)
at org.apache.maven.surefire.booter.ForkedBooter.run(ForkedBooter.java:507)
at org.apache.maven.surefire.booter.ForkedBooter.main(ForkedBooter.java:495)
]]>
            </full-stacktrace>
          </exception> <!-- com.twilio.exception.ApiException -->
          <reporter-output>
          </reporter-output>
        </test-method> <!-- Colectiv_MFA_Login -->
      </class> <!-- Colectv_Login.Login_Page -->
    </test> <!-- Surefire test -->
  </suite> <!-- Surefire suite -->
</testng-results>
