<?xml version="1.0" encoding="UTF-8"?>
<testng-results ignored="0" total="1" passed="1" failed="0" skipped="0">
  <reporter-output>
  </reporter-output>
  <suite started-at="2023-08-31T15:33:24Z" name="Surefire suite" finished-at="2023-08-31T15:33:50Z" duration-ms="26055">
    <groups>
    </groups>
    <test started-at="2023-08-31T15:33:24Z" name="Surefire test" finished-at="2023-08-31T15:33:50Z" duration-ms="26055">
      <class name="Colectv_Login.Login_Page">
        <test-method signature="Colectiv_MFA_Login()[pri:0, instance:Colectv_Login.Login_Page@efea6ba1]" started-at="2023-08-31T15:33:24Z" name="Colectiv_MFA_Login" finished-at="2023-08-31T15:33:50Z" duration-ms="25928" status="PASS">
          <reporter-output>
          </reporter-output>
        </test-method> <!-- Colectiv_MFA_Login -->
      </class> <!-- Colectv_Login.Login_Page -->
    </test> <!-- Surefire test -->
  </suite> <!-- Surefire suite -->
</testng-results>
