<?xml version="1.0" encoding="UTF-8"?>
<testng-results ignored="0" total="1" passed="1" failed="0" skipped="0">
  <reporter-output>
  </reporter-output>
  <suite started-at="2023-09-01T17:53:44Z" name="Default suite" finished-at="2023-09-01T17:53:49Z" duration-ms="4842">
    <groups>
    </groups>
    <test started-at="2023-09-01T17:53:44Z" name="Default test" finished-at="2023-09-01T17:53:49Z" duration-ms="4842">
      <class name="Colectv_Login.BrokenLinks">
        <test-method signature="Links()[pri:0, instance:Colectv_Login.BrokenLinks@a8e6492]" started-at="2023-09-01T17:53:44Z" name="Links" finished-at="2023-09-01T17:53:49Z" duration-ms="4724" status="PASS">
          <reporter-output>
          </reporter-output>
        </test-method> <!-- Links -->
      </class> <!-- Colectv_Login.BrokenLinks -->
    </test> <!-- Default test -->
  </suite> <!-- Default suite -->
</testng-results>
