<?xml version="1.0" encoding="UTF-8"?>
<testng-results ignored="0" total="1" passed="1" failed="0" skipped="0">
  <reporter-output>
  </reporter-output>
  <suite started-at="2023-08-30T21:50:09Z" name="Suite" finished-at="2023-08-30T21:50:48Z" duration-ms="38797">
    <groups>
    </groups>
    <test started-at="2023-08-30T21:50:09Z" name="Test" finished-at="2023-08-30T21:50:48Z" duration-ms="38797">
      <class name="Colectv_Login.BrokenLinks">
        <test-method signature="Links()[pri:0, instance:Colectv_Login.BrokenLinks@a8e6492]" started-at="2023-08-30T21:50:09Z" name="Links" finished-at="2023-08-30T21:50:48Z" duration-ms="38657" status="PASS">
          <reporter-output>
          </reporter-output>
        </test-method> <!-- Links -->
      </class> <!-- Colectv_Login.BrokenLinks -->
    </test> <!-- Test -->
  </suite> <!-- Suite -->
</testng-results>
